<?xml version="1.0" encoding="UTF-8"?>
<testsuite xmlns:xsi="http://www.w3.org/2001/XMLSchema-instance" xsi:noNamespaceSchemaLocation="https://maven.apache.org/surefire/maven-surefire-plugin/xsd/surefire-test-report-3.0.xsd" version="3.0" name="com.example.rpc.spi.SpiLoaderTest" time="0.007" tests="1" errors="0" skipped="0" failures="0">
  <properties>
[...]
</properties>
  <testcase name="shouldLoadRoundRobinImplementation" classname="com.example.rpc.spi.SpiLoaderTest" time="0.006">
    <system-err><![CDATA[[main] INFO com.example.rpc.spi.SpiLoader - Loaded 3 SPI implementations for com.example.rpc.loadbalance.LoadBalance
]]></system-err>
  </testcase>
</testsuite>